[+] Containers:
 |- [+] Container: /Game/ThirdPerson/Maps/ThirdPersonMap
 |   |- [+] ActorDescs:
 |   |   |- Guid:04706E00452E1A0D62840E92EA8DDFF6 BaseClass: NativeClass:/Script/Engine.StaticMeshActor Name:StaticMeshActor_UAID_04D4C4493740101802_1625637690 Label:SM_stairs_7 SpatiallyLoaded:1 Bounds:IsValid=true, Min=(X=6273.192 Y=-4151.315 Z=-5.106), Max=(X=6602.175 Y=-3692.547 Z=159.894) RuntimeGrid:None EditorOnly:0 RuntimeOnly:0 HLODRelevant:1 ListedInSceneOutliner:1 IsMainWorldOnly:0 FolderPath:Bridges FolderGuid:A1A254884C9D3327A2A9CFBD9E43C682
 |   |   |- Guid:07C06B82416733A2036818966D5FC410 BaseClass: NativeClass:/Script/Engine.StaticMeshActor Name:StaticMeshActor_UAID_04D4C4493740101802_1625634687 Label:SM_bridge_6 SpatiallyLoaded:1 Bounds:IsValid=true, Min=(X=5519.998 Y=-4346.464 Z=-450.066), Max=(X=6007.726 Y=-3745.009 Z=257.179) RuntimeGrid:None EditorOnly:0 RuntimeOnly:0 HLODRelevant:1 ListedInSceneOutliner:1 IsMainWorldOnly:0 FolderPath:Bridges FolderGuid:A1A254884C9D3327A2A9CFBD9E43C682
 |   |   |- Guid:0E2849B34021ABAFCFEE93ADBEF305E2 BaseClass: NativeClass:/Script/Engine.StaticMeshActor Name:StaticMeshActor_UAID_04D4C4493740101802_1625635688 Label:SM_bridge_7 SpatiallyLoaded:1 Bounds:IsValid=true, Min=(X=5142.393 Y=-4420.050 Z=-450.066), Max=(X=5630.122 Y=-3818.595 Z=257.179) RuntimeGrid:None EditorOnly:0 RuntimeOnly:0 HLODRelevant:1 ListedInSceneOutliner:1 IsMainWorldOnly:0 FolderPath:Bridges FolderGuid:A1A254884C9D3327A2A9CFBD9E43C682
 |   |   |- Guid:1A58C0C442D4EF07039D279F0FFBE637 BaseClass: NativeClass:/Script/Engine.StaticMeshActor Name:StaticMeshActor_UAID_04D4C44937400D1802_1675497142 Label:SM_wall_7 SpatiallyLoaded:1 Bounds:IsValid=true, Min=(X=1230.000 Y=7530.000 Z=-20.000), Max=(X=1630.000 Y=7550.000 Z=380.000) RuntimeGrid:None EditorOnly:0 RuntimeOnly:0 HLODRelevant:1 ListedInSceneOutliner:1 IsMainWorldOnly:0
 |   |   |- Guid:23CC11C44AFBF75A8D0AB5A013CA53CB BaseClass: NativeClass:/Script/Engine.StaticMeshActor Name:StaticMeshActor_UAID_04D4C44937400B1802_1890607777 Label:SM_tower_5 SpatiallyLoaded:1 Bounds:IsValid=true, Min=(X=3965.696 Y=6888.176 Z=-0.238), Max=(X=5051.941 Y=7972.450 Z=2354.551) RuntimeGrid:None EditorOnly:0 RuntimeOnly:0 HLODRelevant:1 ListedInSceneOutliner:1 IsMainWorldOnly:0
 |   |   |- Guid:28F4C89E4B5DD0C4E4F3749B4FFE2CAE BaseClass: NativeClass:/Script/Landscape.LandscapeStreamingProxy Name:LandscapeStreamingProxy_4RQK8E755B73UJYNKF3UDTHZ2_126_3_1_0 Label:LandscapeStreamingProxy_3_1_0 SpatiallyLoaded:1 Bounds:IsValid=true, Min=(X=12600.000 Y=-12600.000 Z=-80.000), Max=(X=25200.000 Y=0.000 Z=3828.594) RuntimeGrid:None EditorOnly:0 RuntimeOnly:0 HLODRelevant:1 ListedInSceneOutliner:1 IsMainWorldOnly:0
 |   |   |- Guid:2FB58999456391D349DC0F86DAC136ED BaseClass: NativeClass:/Script/Engine.SkyLight Name:SkyLight_1 Label:SkyLight SpatiallyLoaded:0 Bounds:IsValid=true, Min=(X=0.000 Y=0.000 Z=690.000), Max=(X=0.000 Y=0.000 Z=690.000) RuntimeGrid:None EditorOnly:0 RuntimeOnly:0 HLODRelevant:0 ListedInSceneOutliner:1 IsMainWorldOnly:0 FolderPath:Lighting FolderGuid:963EC3EB4002CCE9759E2EBA541A873A
 |   |   |- Guid:316CF2A6494ACA4C0E4180A87D36AB8F BaseClass: NativeClass:/Script/Engine.ExponentialHeightFog Name:ExponentialHeightFog_0 Label:ExponentialHeightFog SpatiallyLoaded:0 Bounds:IsValid=true, Min=(X=-5600.000 Y=-50.000 Z=-6850.000), Max=(X=-5600.000 Y=-50.000 Z=-6850.000) RuntimeGrid:None EditorOnly:0 RuntimeOnly:0 HLODRelevant:0 ListedInSceneOutliner:1 IsMainWorldOnly:0 FolderPath:Lighting FolderGuid:963EC3EB4002CCE9759E2EBA541A873A
 |   |   |- Guid:3A00AA1C422CE54C0BDB60BAF471BFBB BaseClass: NativeClass:/Script/Engine.PlayerStart Name:PlayerStart_0 Label:PlayerStart SpatiallyLoaded:0 Bounds:IsValid=true, Min=(X=860.000 Y=1070.000 Z=0.013), Max=(X=940.000 Y=1150.000 Z=184.013) RuntimeGrid:None EditorOnly:0 RuntimeOnly:0 HLODRelevant:0 ListedInSceneOutliner:1 IsMainWorldOnly:0
 |   |   |- Guid:4283E8F84F75F24538DE4D821415E879 BaseClass: NativeClass:/Script/Landscape.Landscape Name:Landscape_UAID_04D4C44937400C1802_1285723962 Label:Landscape SpatiallyLoaded:0 Bounds:IsValid=true, Min=(X=-25200.000 Y=-25200.000 Z=20.000), Max=(X=-25200.000 Y=-25200.000 Z=20.000) RuntimeGrid:None EditorOnly:0 RuntimeOnly:0 HLODRelevant:0 ListedInSceneOutliner:1 IsMainWorldOnly:0
 |   |   |- Guid:4D3BE93F4146AAAC8BBE79999D96D57F BaseClass: NativeClass:/Script/Engine.VolumetricCloud Name:VolumetricCloud_0 Label:VolumetricCloud SpatiallyLoaded:0 Bounds:IsValid=true, Min=(X=0.000 Y=0.000 Z=820.000), Max=(X=0.000 Y=0.000 Z=820.000) RuntimeGrid:None EditorOnly:0 RuntimeOnly:0 HLODRelevant:0 ListedInSceneOutliner:1 IsMainWorldOnly:0 FolderPath:Lighting FolderGuid:963EC3EB4002CCE9759E2EBA541A873A
 |   |   |- Guid:50D8358F47E5B2EB73FB78AB4DBD0ACA BaseClass: NativeClass:/Script/Engine.StaticMeshActor Name:StaticMeshActor_UAID_04D4C44937400F1802_1523005503 Label:SM_bridge_3 SpatiallyLoaded:1 Bounds:IsValid=true, Min=(X=1239.386 Y=-783.884 Z=-404.960), Max=(X=1840.841 Y=-296.156 Z=302.286) RuntimeGrid:None EditorOnly:0 RuntimeOnly:0 HLODRelevant:1 ListedInSceneOutliner:1 IsMainWorldOnly:0 FolderPath:Bridges FolderGuid:A1A254884C9D3327A2A9CFBD9E43C682
 |   |   |- Guid:5523FA254BAA8E5E0506DC92F3E05EC8 BaseClass: NativeClass:/Script/Engine.StaticMeshActor Name:StaticMeshActor_UAID_04D4C44937400F1802_1568611505 Label:SM_stairs_05 SpatiallyLoaded:1 Bounds:IsValid=true, Min=(X=1484.851 Y=351.018 Z=40.000), Max=(X=1943.619 Y=680.000 Z=205.000) RuntimeGrid:None EditorOnly:0 RuntimeOnly:0 HLODRelevant:1 ListedInSceneOutliner:1 IsMainWorldOnly:0 FolderPath:Bridges FolderGuid:A1A254884C9D3327A2A9CFBD9E43C682
 |   |   |- Guid:6BAF4DDD444C60371492D3919DB42C97 BaseClass: NativeClass:/Script/Engine.WorldDataLayers Name:WorldDataLayers Label:WorldDataLayers SpatiallyLoaded:0 Bounds:IsValid=true, Min=(X=0.000 Y=0.000 Z=0.000), Max=(X=0.000 Y=0.000 Z=0.000) RuntimeGrid:None EditorOnly:0 RuntimeOnly:0 HLODRelevant:0 ListedInSceneOutliner:1 IsMainWorldOnly:1
 |   |   |- Guid:6C3A53D543738A005D0073B71455BE37 BaseClass: NativeClass:/Script/Engine.StaticMeshActor Name:StaticMeshActor_UAID_04D4C44937400B1802_1954833778 Label:SM_wall_01 SpatiallyLoaded:1 Bounds:IsValid=true, Min=(X=3900.000 Y=7560.000 Z=-20.000), Max=(X=4300.000 Y=7580.000 Z=380.000) RuntimeGrid:None EditorOnly:0 RuntimeOnly:0 HLODRelevant:1 ListedInSceneOutliner:1 IsMainWorldOnly:0
 |   |   |- Guid:6F2ECB8D44D2B555270B37A80D8E5F3A BaseClass: NativeClass:/Script/Engine.StaticMeshActor Name:StaticMeshActor_UAID_04D4C44937400F1802_1415176499 Label:SM_wall_window_2 SpatiallyLoaded:1 Bounds:IsValid=true, Min=(X=-800.000 Y=7517.743 Z=20.000), Max=(X=-400.000 Y=7562.257 Z=420.000) RuntimeGrid:None EditorOnly:0 RuntimeOnly:0 HLODRelevant:1 ListedInSceneOutliner:1 IsMainWorldOnly:0
 |   |   |- Guid:781959EE4CC1073331EB39B1A138355E BaseClass: NativeClass:/Script/Landscape.LandscapeStreamingProxy Name:LandscapeStreamingProxy_4RQK8E755B73UJYNKF3UDTHZ2_126_1_0_0 Label:LandscapeStreamingProxy_1_0_0 SpatiallyLoaded:1 Bounds:IsValid=true, Min=(X=-12600.000 Y=-25200.000 Z=20.000), Max=(X=0.000 Y=-12600.000 Z=991.875) RuntimeGrid:None EditorOnly:0 RuntimeOnly:0 HLODRelevant:1 ListedInSceneOutliner:1 IsMainWorldOnly:0
 |   |   |- Guid:7971C378413DD949F616B7A84E264AF8 BaseClass: NativeClass:/Script/Engine.StaticMeshActor Name:StaticMeshActor_UAID_04D4C44937400F1802_1619541507 Label:SM_stairs_6 SpatiallyLoaded:1 Bounds:IsValid=true, Min=(X=1216.381 Y=-1390.000 Z=40.000), Max=(X=1675.149 Y=-1061.018 Z=205.000) RuntimeGrid:None EditorOnly:0 RuntimeOnly:0 HLODRelevant:1 ListedInSceneOutliner:1 IsMainWorldOnly:0 FolderPath:Bridges FolderGuid:A1A254884C9D3327A2A9CFBD9E43C682
 |   |   |- Guid:7C68B02D48CEA719DCD378B056682E1F BaseClass: NativeClass:/Script/Engine.StaticMeshActor Name:StaticMeshActor_UAID_04D4C44937400F1802_1542077504 Label:SM_bridge_4 SpatiallyLoaded:1 Bounds:IsValid=true, Min=(X=1179.386 Y=-1163.884 Z=-404.960), Max=(X=1780.841 Y=-676.156 Z=302.286) RuntimeGrid:None EditorOnly:0 RuntimeOnly:0 HLODRelevant:1 ListedInSceneOutliner:1 IsMainWorldOnly:0 FolderPath:Bridges FolderGuid:A1A254884C9D3327A2A9CFBD9E43C682
 |   |   |- Guid:827C39BE4BE010BA5AFE0DB83315DED5 BaseClass: NativeClass:/Script/Engine.StaticMeshActor Name:StaticMeshActor_UAID_04D4C4493740101802_1625630685 Label:SM_bridge_5 SpatiallyLoaded:1 Bounds:IsValid=true, Min=(X=5888.205 Y=-4276.298 Z=-450.066), Max=(X=6375.934 Y=-3674.843 Z=257.179) RuntimeGrid:None EditorOnly:0 RuntimeOnly:0 HLODRelevant:1 ListedInSceneOutliner:1 IsMainWorldOnly:0 FolderPath:Bridges FolderGuid:A1A254884C9D3327A2A9CFBD9E43C682
 |   |   |- Guid:862C32E24E815B0C8D70B2965121FA07 BaseClass: NativeClass:/Script/Engine.StaticMeshActor Name:StaticMeshActor_UAID_04D4C44937400F1802_1483851500 Label:SM_bridge_01 SpatiallyLoaded:1 Bounds:IsValid=true, Min=(X=1359.386 Y=-33.884 Z=-404.960), Max=(X=1960.841 Y=453.844 Z=302.286) RuntimeGrid:None EditorOnly:0 RuntimeOnly:0 HLODRelevant:1 ListedInSceneOutliner:1 IsMainWorldOnly:0 FolderPath:Bridges FolderGuid:A1A254884C9D3327A2A9CFBD9E43C682
 |   |   |- Guid:87B7C33C40EA84DF03002F954DAE1DDB BaseClass: NativeClass:/Script/Engine.StaticMeshActor Name:StaticMeshActor_UAID_04D4C44937400B1802_2019144783 Label:SM_wall_5 SpatiallyLoaded:1 Bounds:IsValid=true, Min=(X=2310.000 Y=7560.000 Z=-20.000), Max=(X=2710.000 Y=7580.000 Z=380.000) RuntimeGrid:None EditorOnly:0 RuntimeOnly:0 HLODRelevant:1 ListedInSceneOutliner:1 IsMainWorldOnly:0
 |   |   |- Guid:88A6EEF7471622818A2950AB9B7009A8 BaseClass: NativeClass:/Script/Landscape.LandscapeStreamingProxy Name:LandscapeStreamingProxy_4RQK8E755B73UJYNKF3UDTHZ2_126_1_1_0 Label:LandscapeStreamingProxy_1_1_0 SpatiallyLoaded:1 Bounds:IsValid=true, Min=(X=-12600.000 Y=-12600.000 Z=-453.438), Max=(X=0.000 Y=0.000 Z=4600.469) RuntimeGrid:None EditorOnly:0 RuntimeOnly:0 HLODRelevant:1 ListedInSceneOutliner:1 IsMainWorldOnly:0
 |   |   |- Guid:925CB6C54F65CE30BE09BE9C5A5E37DA BaseClass: NativeClass:/Script/Engine.StaticMeshActor Name:StaticMeshActor_UAID_04D4C44937400B1802_1965162781 Label:SM_wall_4 SpatiallyLoaded:1 Bounds:IsValid=true, Min=(X=2700.000 Y=7560.000 Z=-20.000), Max=(X=3100.000 Y=7580.000 Z=380.000) RuntimeGrid:None EditorOnly:0 RuntimeOnly:0 HLODRelevant:1 ListedInSceneOutliner:1 IsMainWorldOnly:0
 |   |   |- Guid:97DD0DBC4A557F8D28DE9EB863B29416 BaseClass: NativeClass:/Script/Engine.StaticMeshActor Name:StaticMeshActor_UAID_04D4C44937400D1802_1748560146 Label:SM_wall_window_01 SpatiallyLoaded:1 Bounds:IsValid=true, Min=(X=430.000 Y=7517.743 Z=20.000), Max=(X=830.000 Y=7562.257 Z=420.000) RuntimeGrid:None EditorOnly:0 RuntimeOnly:0 HLODRelevant:1 ListedInSceneOutliner:1 IsMainWorldOnly:0
 |   |   |- Guid:992848894EA6B797B1E75191CDACC812 BaseClass: NativeClass:/Script/Engine.StaticMeshActor Name:StaticMeshActor_UAID_04D4C4493740101802_1625635689 Label:SM_bridge_8 SpatiallyLoaded:1 Bounds:IsValid=true, Min=(X=4764.789 Y=-4493.636 Z=-450.066), Max=(X=5252.517 Y=-3892.181 Z=257.179) RuntimeGrid:None EditorOnly:0 RuntimeOnly:0 HLODRelevant:1 ListedInSceneOutliner:1 IsMainWorldOnly:0 FolderPath:Bridges FolderGuid:A1A254884C9D3327A2A9CFBD9E43C682
 |   |   |- Guid:A628C06B42E2FAB92FC97EBDC7057ADB BaseClass: NativeClass:/Script/Landscape.LandscapeStreamingProxy Name:LandscapeStreamingProxy_4RQK8E755B73UJYNKF3UDTHZ2_126_2_0_0 Label:LandscapeStreamingProxy_2_0_0 SpatiallyLoaded:1 Bounds:IsValid=true, Min=(X=0.000 Y=-25200.000 Z=20.000), Max=(X=12600.000 Y=-12600.000 Z=1349.688) RuntimeGrid:None EditorOnly:0 RuntimeOnly:0 HLODRelevant:1 ListedInSceneOutliner:1 IsMainWorldOnly:0
 |   |   |- Guid:B7037DB645C343AA0FE3878A0C230A14 BaseClass: NativeClass:/Script/Engine.StaticMeshActor Name:StaticMeshActor_UAID_04D4C44937400D1802_1685669143 Label:SM_wall_8 SpatiallyLoaded:1 Bounds:IsValid=true, Min=(X=830.000 Y=7530.000 Z=-20.000), Max=(X=1230.000 Y=7550.000 Z=380.000) RuntimeGrid:None EditorOnly:0 RuntimeOnly:0 HLODRelevant:1 ListedInSceneOutliner:1 IsMainWorldOnly:0
 |   |   |- Guid:B785ED2844B84CFB91E7F39FE661CD99 BaseClass: NativeClass:/Script/Engine.DirectionalLight Name:DirectionalLight_0 Label:DirectionalLight SpatiallyLoaded:0 Bounds:IsValid=true, Min=(X=-1048576.000 Y=-1048576.000 Z=-1048576.000), Max=(X=1048576.000 Y=1048576.000 Z=1048576.000) RuntimeGrid:None EditorOnly:0 RuntimeOnly:0 HLODRelevant:0 ListedInSceneOutliner:1 IsMainWorldOnly:0 FolderPath:Lighting FolderGuid:963EC3EB4002CCE9759E2EBA541A873A
 |   |   |- Guid:B859BEB84FC4053CFAB83383523C6D0C BaseClass: NativeClass:/Script/Engine.StaticMeshActor Name:StaticMeshActor_UAID_04D4C44937400B1802_2031531784 Label:SM_wall_6 SpatiallyLoaded:1 Bounds:IsValid=true, Min=(X=2050.000 Y=7560.000 Z=-20.000), Max=(X=2450.000 Y=7580.000 Z=380.000) RuntimeGrid:None EditorOnly:0 RuntimeOnly:0 HLODRelevant:1 ListedInSceneOutliner:1 IsMainWorldOnly:0
 |   |   |- Guid:B88924F44C613EAC6CC7D7913C25F5E3 BaseClass: NativeClass:/Script/Landscape.LandscapeStreamingProxy Name:LandscapeStreamingProxy_4RQK8E755B73UJYNKF3UDTHZ2_126_3_2_0 Label:LandscapeStreamingProxy_3_2_0 SpatiallyLoaded:1 Bounds:IsValid=true, Min=(X=12600.000 Y=0.000 Z=-80.000), Max=(X=25200.000 Y=12600.000 Z=3816.094) RuntimeGrid:None EditorOnly:0 RuntimeOnly:0 HLODRelevant:1 ListedInSceneOutliner:1 IsMainWorldOnly:0
 |   |   |- Guid:B8E2BB754DCC2B62553B20A1D072ABE0 BaseClass: NativeClass:/Script/Landscape.LandscapeStreamingProxy Name:LandscapeStreamingProxy_4RQK8E755B73UJYNKF3UDTHZ2_126_1_2_0 Label:LandscapeStreamingProxy_1_2_0 SpatiallyLoaded:1 Bounds:IsValid=true, Min=(X=-12600.000 Y=0.000 Z=-395.625), Max=(X=0.000 Y=12600.000 Z=4765.312) RuntimeGrid:None EditorOnly:0 RuntimeOnly:0 HLODRelevant:1 ListedInSceneOutliner:1 IsMainWorldOnly:0
 |   |   |- Guid:C173891F407EAEC349A339ADE1E6EC5F BaseClass: NativeClass:/Script/Engine.StaticMeshActor Name:StaticMeshActor_UAID_04D4C44937400D1802_1698667144 Label:SM_wall_9 SpatiallyLoaded:1 Bounds:IsValid=true, Min=(X=-1200.000 Y=7530.000 Z=-20.000), Max=(X=-800.000 Y=7550.000 Z=380.000) RuntimeGrid:None EditorOnly:0 RuntimeOnly:0 HLODRelevant:1 ListedInSceneOutliner:1 IsMainWorldOnly:0
 |   |   |- Guid:C1D77588470E8AFDE4811884F442A4CF BaseClass: NativeClass:/Script/Engine.StaticMeshActor Name:StaticMeshActor_UAID_04D4C4493740101802_1625638691 Label:SM_stairs_8 SpatiallyLoaded:1 Bounds:IsValid=true, Min=(X=4545.348 Y=-4494.498 Z=-5.106), Max=(X=4874.331 Y=-4035.731 Z=159.894) RuntimeGrid:None EditorOnly:0 RuntimeOnly:0 HLODRelevant:1 ListedInSceneOutliner:1 IsMainWorldOnly:0 FolderPath:Bridges FolderGuid:A1A254884C9D3327A2A9CFBD9E43C682
 |   |   |- Guid:C5EDB35B401026BD69C79B84650ACFCB BaseClass: NativeClass:/Script/Engine.StaticMeshActor Name:StaticMeshActor_UAID_04D4C44937400B1802_2000827782 Label:SM_tower_6 SpatiallyLoaded:1 Bounds:IsValid=true, Min=(X=1315.696 Y=6898.176 Z=-0.238), Max=(X=2401.941 Y=7982.450 Z=2354.551) RuntimeGrid:None EditorOnly:0 RuntimeOnly:0 HLODRelevant:1 ListedInSceneOutliner:1 IsMainWorldOnly:0
 |   |   |- Guid:CCFF262C46EEFFDF319E7F9539CE697E BaseClass: NativeClass:/Script/Engine.SkyAtmosphere Name:SkyAtmosphere_0 Label:SkyAtmosphere SpatiallyLoaded:0 Bounds:IsValid=true, Min=(X=0.000 Y=0.000 Z=1020.000), Max=(X=0.000 Y=0.000 Z=1020.000) RuntimeGrid:None EditorOnly:0 RuntimeOnly:0 HLODRelevant:0 ListedInSceneOutliner:1 IsMainWorldOnly:0 FolderPath:Lighting FolderGuid:963EC3EB4002CCE9759E2EBA541A873A
 |   |   |- Guid:CED9CCFB44BCDCCBE65B7590CA55741F BaseClass: NativeClass:/Script/Engine.StaticMeshActor Name:StaticMeshActor_UAID_04D4C44937400D1802_1703264145 Label:SM_wall_10 SpatiallyLoaded:1 Bounds:IsValid=true, Min=(X=-1600.000 Y=7530.000 Z=-20.000), Max=(X=-1200.000 Y=7550.000 Z=380.000) RuntimeGrid:None EditorOnly:0 RuntimeOnly:0 HLODRelevant:1 ListedInSceneOutliner:1 IsMainWorldOnly:0
 |   |   |- Guid:CEF728164314213855FD429F62431C06 BaseClass: NativeClass:/Script/Landscape.LandscapeStreamingProxy Name:LandscapeStreamingProxy_4RQK8E755B73UJYNKF3UDTHZ2_126_2_1_0 Label:LandscapeStreamingProxy_2_1_0 SpatiallyLoaded:1 Bounds:IsValid=true, Min=(X=0.000 Y=-12600.000 Z=-383.125), Max=(X=12600.000 Y=0.000 Z=4397.344) RuntimeGrid:None EditorOnly:0 RuntimeOnly:0 HLODRelevant:1 ListedInSceneOutliner:1 IsMainWorldOnly:0
 |   |   |- Guid:D2FAD3124C2493636FEB05BB25B16CED BaseClass: NativeClass:/Script/Engine.StaticMeshActor Name:StaticMeshActor_UAID_04D4C44937400B1802_1962589780 Label:SM_wall_3 SpatiallyLoaded:1 Bounds:IsValid=true, Min=(X=3100.000 Y=7560.000 Z=-20.000), Max=(X=3500.000 Y=7580.000 Z=380.000) RuntimeGrid:None EditorOnly:0 RuntimeOnly:0 HLODRelevant:1 ListedInSceneOutliner:1 IsMainWorldOnly:0
 |   |   |- Guid:D577BCEA4C0F80D456A2FAA6B1A748AF BaseClass: NativeClass:/Script/Landscape.LandscapeStreamingProxy Name:LandscapeStreamingProxy_4RQK8E755B73UJYNKF3UDTHZ2_126_2_2_0 Label:LandscapeStreamingProxy_2_2_0 SpatiallyLoaded:1 Bounds:IsValid=true, Min=(X=0.000 Y=0.000 Z=-196.406), Max=(X=12600.000 Y=12600.000 Z=3973.125) RuntimeGrid:None EditorOnly:0 RuntimeOnly:0 HLODRelevant:1 ListedInSceneOutliner:1 IsMainWorldOnly:0
 |   |   |- Guid:EB6DC567415AAC162BB3128798BC6D2E BaseClass: NativeClass:/Script/Engine.StaticMeshActor Name:StaticMeshActor_UAID_04D4C44937400C1802_2115368965 Label:SM_tower_7 SpatiallyLoaded:1 Bounds:IsValid=true, Min=(X=-2264.304 Y=7128.176 Z=49.762), Max=(X=-1178.059 Y=8212.450 Z=2404.551) RuntimeGrid:None EditorOnly:0 RuntimeOnly:0 HLODRelevant:1 ListedInSceneOutliner:1 IsMainWorldOnly:0
 |   |   |- Guid:EC4E0C944CE6AC6E784BC6BB2916EA13 BaseClass: NativeClass:/Script/Engine.StaticMeshActor Name:StaticMeshActor_UAID_A4AE111137DC5EFB00_1110535423 Label:SM_SkySphere SpatiallyLoaded:0 Bounds:IsValid=true, Min=(X=-1638400.000 Y=-1638400.000 Z=-1638400.000), Max=(X=1638400.000 Y=1638400.000 Z=1638400.000) RuntimeGrid:None EditorOnly:0 RuntimeOnly:0 HLODRelevant:1 ListedInSceneOutliner:1 IsMainWorldOnly:0 FolderPath:Lighting FolderGuid:963EC3EB4002CCE9759E2EBA541A873A
 |   |   |- Guid:EDC7CA914BC033C45B5483A7FF8D7DDE BaseClass: NativeClass:/Script/Engine.StaticMeshActor Name:StaticMeshActor_UAID_04D4C44937400B1802_1958468779 Label:SM_wall_2 SpatiallyLoaded:1 Bounds:IsValid=true, Min=(X=3500.000 Y=7560.000 Z=-20.000), Max=(X=3900.000 Y=7580.000 Z=380.000) RuntimeGrid:None EditorOnly:0 RuntimeOnly:0 HLODRelevant:1 ListedInSceneOutliner:1 IsMainWorldOnly:0
 |   |   |- Guid:F1924B8D48954B30891B2DB6A694F9CC BaseClass: NativeClass:/Script/Engine.StaticMeshActor Name:StaticMeshActor_1 Label:SM_Cube SpatiallyLoaded:1 Bounds:IsValid=true, Min=(X=0.000 Y=0.000 Z=-50.000), Max=(X=3000.000 Y=3500.000 Z=0.000) RuntimeGrid:None EditorOnly:0 RuntimeOnly:0 HLODRelevant:1 ListedInSceneOutliner:1 IsMainWorldOnly:0 FolderPath:Playground FolderGuid:C73F09FC4215536B1DCE2A9E0A830C70
 |   |   |- Guid:F5E3FEB3450C49844FD93DA8E083C8AD BaseClass: NativeClass:/Script/Engine.PostProcessVolume Name:PostProcessVolume_0 Label:PostProcessVolume SpatiallyLoaded:0 Bounds:IsValid=true, Min=(X=0.000 Y=0.000 Z=400.000), Max=(X=200.000 Y=200.000 Z=600.000) RuntimeGrid:None EditorOnly:0 RuntimeOnly:0 HLODRelevant:0 ListedInSceneOutliner:1 IsMainWorldOnly:0 FolderPath:Lighting FolderGuid:963EC3EB4002CCE9759E2EBA541A873A
 |   |   |- Guid:FCE051514E9A5ABC2A7B65AB8E0D2358 BaseClass: NativeClass:/Script/Engine.StaticMeshActor Name:StaticMeshActor_UAID_04D4C44937400F1802_1501581502 Label:SM_bridge_2 SpatiallyLoaded:1 Bounds:IsValid=true, Min=(X=1299.386 Y=-403.884 Z=-404.960), Max=(X=1900.841 Y=83.844 Z=302.286) RuntimeGrid:None EditorOnly:0 RuntimeOnly:0 HLODRelevant:1 ListedInSceneOutliner:1 IsMainWorldOnly:0 FolderPath:Bridges FolderGuid:A1A254884C9D3327A2A9CFBD9E43C682
 |   |- [+] Clusters:
 |   |   |- [+] [  0]
 |   |   |   |- Guid:04706E00452E1A0D62840E92EA8DDFF6 BaseClass: NativeClass:/Script/Engine.StaticMeshActor Name:StaticMeshActor_UAID_04D4C4493740101802_1625637690 Label:SM_stairs_7 SpatiallyLoaded:1 Bounds:IsValid=true, Min=(X=6273.192 Y=-4151.315 Z=-5.106), Max=(X=6602.175 Y=-3692.547 Z=159.894) RuntimeGrid:None EditorOnly:0 RuntimeOnly:0 HLODRelevant:1 ListedInSceneOutliner:1 IsMainWorldOnly:0 FolderPath:Bridges FolderGuid:A1A254884C9D3327A2A9CFBD9E43C682
 |   |   |- [+] [  1]
 |   |   |   |- Guid:07C06B82416733A2036818966D5FC410 BaseClass: NativeClass:/Script/Engine.StaticMeshActor Name:StaticMeshActor_UAID_04D4C4493740101802_1625634687 Label:SM_bridge_6 SpatiallyLoaded:1 Bounds:IsValid=true, Min=(X=5519.998 Y=-4346.464 Z=-450.066), Max=(X=6007.726 Y=-3745.009 Z=257.179) RuntimeGrid:None EditorOnly:0 RuntimeOnly:0 HLODRelevant:1 ListedInSceneOutliner:1 IsMainWorldOnly:0 FolderPath:Bridges FolderGuid:A1A254884C9D3327A2A9CFBD9E43C682
 |   |   |- [+] [  2]
 |   |   |   |- Guid:0E2849B34021ABAFCFEE93ADBEF305E2 BaseClass: NativeClass:/Script/Engine.StaticMeshActor Name:StaticMeshActor_UAID_04D4C4493740101802_1625635688 Label:SM_bridge_7 SpatiallyLoaded:1 Bounds:IsValid=true, Min=(X=5142.393 Y=-4420.050 Z=-450.066), Max=(X=5630.122 Y=-3818.595 Z=257.179) RuntimeGrid:None EditorOnly:0 RuntimeOnly:0 HLODRelevant:1 ListedInSceneOutliner:1 IsMainWorldOnly:0 FolderPath:Bridges FolderGuid:A1A254884C9D3327A2A9CFBD9E43C682
 |   |   |- [+] [  3]
 |   |   |   |- Guid:1A58C0C442D4EF07039D279F0FFBE637 BaseClass: NativeClass:/Script/Engine.StaticMeshActor Name:StaticMeshActor_UAID_04D4C44937400D1802_1675497142 Label:SM_wall_7 SpatiallyLoaded:1 Bounds:IsValid=true, Min=(X=1230.000 Y=7530.000 Z=-20.000), Max=(X=1630.000 Y=7550.000 Z=380.000) RuntimeGrid:None EditorOnly:0 RuntimeOnly:0 HLODRelevant:1 ListedInSceneOutliner:1 IsMainWorldOnly:0
 |   |   |- [+] [  4]
 |   |   |   |- Guid:23CC11C44AFBF75A8D0AB5A013CA53CB BaseClass: NativeClass:/Script/Engine.StaticMeshActor Name:StaticMeshActor_UAID_04D4C44937400B1802_1890607777 Label:SM_tower_5 SpatiallyLoaded:1 Bounds:IsValid=true, Min=(X=3965.696 Y=6888.176 Z=-0.238), Max=(X=5051.941 Y=7972.450 Z=2354.551) RuntimeGrid:None EditorOnly:0 RuntimeOnly:0 HLODRelevant:1 ListedInSceneOutliner:1 IsMainWorldOnly:0
 |   |   |- [+] [  5]
 |   |   |   |- Guid:28F4C89E4B5DD0C4E4F3749B4FFE2CAE BaseClass: NativeClass:/Script/Landscape.LandscapeStreamingProxy Name:LandscapeStreamingProxy_4RQK8E755B73UJYNKF3UDTHZ2_126_3_1_0 Label:LandscapeStreamingProxy_3_1_0 SpatiallyLoaded:1 Bounds:IsValid=true, Min=(X=12600.000 Y=-12600.000 Z=-80.000), Max=(X=25200.000 Y=0.000 Z=3828.594) RuntimeGrid:None EditorOnly:0 RuntimeOnly:0 HLODRelevant:1 ListedInSceneOutliner:1 IsMainWorldOnly:0
 |   |   |- [+] [  6]
 |   |   |   |- Guid:2FB58999456391D349DC0F86DAC136ED BaseClass: NativeClass:/Script/Engine.SkyLight Name:SkyLight_1 Label:SkyLight SpatiallyLoaded:0 Bounds:IsValid=true, Min=(X=0.000 Y=0.000 Z=690.000), Max=(X=0.000 Y=0.000 Z=690.000) RuntimeGrid:None EditorOnly:0 RuntimeOnly:0 HLODRelevant:0 ListedInSceneOutliner:1 IsMainWorldOnly:0 FolderPath:Lighting FolderGuid:963EC3EB4002CCE9759E2EBA541A873A
 |   |   |- [+] [  7]
 |   |   |   |- Guid:316CF2A6494ACA4C0E4180A87D36AB8F BaseClass: NativeClass:/Script/Engine.ExponentialHeightFog Name:ExponentialHeightFog_0 Label:ExponentialHeightFog SpatiallyLoaded:0 Bounds:IsValid=true, Min=(X=-5600.000 Y=-50.000 Z=-6850.000), Max=(X=-5600.000 Y=-50.000 Z=-6850.000) RuntimeGrid:None EditorOnly:0 RuntimeOnly:0 HLODRelevant:0 ListedInSceneOutliner:1 IsMainWorldOnly:0 FolderPath:Lighting FolderGuid:963EC3EB4002CCE9759E2EBA541A873A
 |   |   |- [+] [  8]
 |   |   |   |- Guid:3A00AA1C422CE54C0BDB60BAF471BFBB BaseClass: NativeClass:/Script/Engine.PlayerStart Name:PlayerStart_0 Label:PlayerStart SpatiallyLoaded:0 Bounds:IsValid=true, Min=(X=860.000 Y=1070.000 Z=0.013), Max=(X=940.000 Y=1150.000 Z=184.013) RuntimeGrid:None EditorOnly:0 RuntimeOnly:0 HLODRelevant:0 ListedInSceneOutliner:1 IsMainWorldOnly:0
 |   |   |- [+] [  9]
 |   |   |   |- Guid:4283E8F84F75F24538DE4D821415E879 BaseClass: NativeClass:/Script/Landscape.Landscape Name:Landscape_UAID_04D4C44937400C1802_1285723962 Label:Landscape SpatiallyLoaded:0 Bounds:IsValid=true, Min=(X=-25200.000 Y=-25200.000 Z=20.000), Max=(X=-25200.000 Y=-25200.000 Z=20.000) RuntimeGrid:None EditorOnly:0 RuntimeOnly:0 HLODRelevant:0 ListedInSceneOutliner:1 IsMainWorldOnly:0
 |   |   |- [+] [ 10]
 |   |   |   |- Guid:4D3BE93F4146AAAC8BBE79999D96D57F BaseClass: NativeClass:/Script/Engine.VolumetricCloud Name:VolumetricCloud_0 Label:VolumetricCloud SpatiallyLoaded:0 Bounds:IsValid=true, Min=(X=0.000 Y=0.000 Z=820.000), Max=(X=0.000 Y=0.000 Z=820.000) RuntimeGrid:None EditorOnly:0 RuntimeOnly:0 HLODRelevant:0 ListedInSceneOutliner:1 IsMainWorldOnly:0 FolderPath:Lighting FolderGuid:963EC3EB4002CCE9759E2EBA541A873A
 |   |   |- [+] [ 11]
 |   |   |   |- Guid:50D8358F47E5B2EB73FB78AB4DBD0ACA BaseClass: NativeClass:/Script/Engine.StaticMeshActor Name:StaticMeshActor_UAID_04D4C44937400F1802_1523005503 Label:SM_bridge_3 SpatiallyLoaded:1 Bounds:IsValid=true, Min=(X=1239.386 Y=-783.884 Z=-404.960), Max=(X=1840.841 Y=-296.156 Z=302.286) RuntimeGrid:None EditorOnly:0 RuntimeOnly:0 HLODRelevant:1 ListedInSceneOutliner:1 IsMainWorldOnly:0 FolderPath:Bridges FolderGuid:A1A254884C9D3327A2A9CFBD9E43C682
 |   |   |- [+] [ 12]
 |   |   |   |- Guid:5523FA254BAA8E5E0506DC92F3E05EC8 BaseClass: NativeClass:/Script/Engine.StaticMeshActor Name:StaticMeshActor_UAID_04D4C44937400F1802_1568611505 Label:SM_stairs_05 SpatiallyLoaded:1 Bounds:IsValid=true, Min=(X=1484.851 Y=351.018 Z=40.000), Max=(X=1943.619 Y=680.000 Z=205.000) RuntimeGrid:None EditorOnly:0 RuntimeOnly:0 HLODRelevant:1 ListedInSceneOutliner:1 IsMainWorldOnly:0 FolderPath:Bridges FolderGuid:A1A254884C9D3327A2A9CFBD9E43C682
 |   |   |- [+] [ 13]
 |   |   |   |- Guid:6BAF4DDD444C60371492D3919DB42C97 BaseClass: NativeClass:/Script/Engine.WorldDataLayers Name:WorldDataLayers Label:WorldDataLayers SpatiallyLoaded:0 Bounds:IsValid=true, Min=(X=0.000 Y=0.000 Z=0.000), Max=(X=0.000 Y=0.000 Z=0.000) RuntimeGrid:None EditorOnly:0 RuntimeOnly:0 HLODRelevant:0 ListedInSceneOutliner:1 IsMainWorldOnly:1
 |   |   |- [+] [ 14]
 |   |   |   |- Guid:6C3A53D543738A005D0073B71455BE37 BaseClass: NativeClass:/Script/Engine.StaticMeshActor Name:StaticMeshActor_UAID_04D4C44937400B1802_1954833778 Label:SM_wall_01 SpatiallyLoaded:1 Bounds:IsValid=true, Min=(X=3900.000 Y=7560.000 Z=-20.000), Max=(X=4300.000 Y=7580.000 Z=380.000) RuntimeGrid:None EditorOnly:0 RuntimeOnly:0 HLODRelevant:1 ListedInSceneOutliner:1 IsMainWorldOnly:0
 |   |   |- [+] [ 15]
 |   |   |   |- Guid:6F2ECB8D44D2B555270B37A80D8E5F3A BaseClass: NativeClass:/Script/Engine.StaticMeshActor Name:StaticMeshActor_UAID_04D4C44937400F1802_1415176499 Label:SM_wall_window_2 SpatiallyLoaded:1 Bounds:IsValid=true, Min=(X=-800.000 Y=7517.743 Z=20.000), Max=(X=-400.000 Y=7562.257 Z=420.000) RuntimeGrid:None EditorOnly:0 RuntimeOnly:0 HLODRelevant:1 ListedInSceneOutliner:1 IsMainWorldOnly:0
 |   |   |- [+] [ 16]
 |   |   |   |- Guid:781959EE4CC1073331EB39B1A138355E BaseClass: NativeClass:/Script/Landscape.LandscapeStreamingProxy Name:LandscapeStreamingProxy_4RQK8E755B73UJYNKF3UDTHZ2_126_1_0_0 Label:LandscapeStreamingProxy_1_0_0 SpatiallyLoaded:1 Bounds:IsValid=true, Min=(X=-12600.000 Y=-25200.000 Z=20.000), Max=(X=0.000 Y=-12600.000 Z=991.875) RuntimeGrid:None EditorOnly:0 RuntimeOnly:0 HLODRelevant:1 ListedInSceneOutliner:1 IsMainWorldOnly:0
 |   |   |- [+] [ 17]
 |   |   |   |- Guid:7971C378413DD949F616B7A84E264AF8 BaseClass: NativeClass:/Script/Engine.StaticMeshActor Name:StaticMeshActor_UAID_04D4C44937400F1802_1619541507 Label:SM_stairs_6 SpatiallyLoaded:1 Bounds:IsValid=true, Min=(X=1216.381 Y=-1390.000 Z=40.000), Max=(X=1675.149 Y=-1061.018 Z=205.000) RuntimeGrid:None EditorOnly:0 RuntimeOnly:0 HLODRelevant:1 ListedInSceneOutliner:1 IsMainWorldOnly:0 FolderPath:Bridges FolderGuid:A1A254884C9D3327A2A9CFBD9E43C682
 |   |   |- [+] [ 18]
 |   |   |   |- Guid:7C68B02D48CEA719DCD378B056682E1F BaseClass: NativeClass:/Script/Engine.StaticMeshActor Name:StaticMeshActor_UAID_04D4C44937400F1802_1542077504 Label:SM_bridge_4 SpatiallyLoaded:1 Bounds:IsValid=true, Min=(X=1179.386 Y=-1163.884 Z=-404.960), Max=(X=1780.841 Y=-676.156 Z=302.286) RuntimeGrid:None EditorOnly:0 RuntimeOnly:0 HLODRelevant:1 ListedInSceneOutliner:1 IsMainWorldOnly:0 FolderPath:Bridges FolderGuid:A1A254884C9D3327A2A9CFBD9E43C682
 |   |   |- [+] [ 19]
 |   |   |   |- Guid:827C39BE4BE010BA5AFE0DB83315DED5 BaseClass: NativeClass:/Script/Engine.StaticMeshActor Name:StaticMeshActor_UAID_04D4C4493740101802_1625630685 Label:SM_bridge_5 SpatiallyLoaded:1 Bounds:IsValid=true, Min=(X=5888.205 Y=-4276.298 Z=-450.066), Max=(X=6375.934 Y=-3674.843 Z=257.179) RuntimeGrid:None EditorOnly:0 RuntimeOnly:0 HLODRelevant:1 ListedInSceneOutliner:1 IsMainWorldOnly:0 FolderPath:Bridges FolderGuid:A1A254884C9D3327A2A9CFBD9E43C682
 |   |   |- [+] [ 20]
 |   |   |   |- Guid:862C32E24E815B0C8D70B2965121FA07 BaseClass: NativeClass:/Script/Engine.StaticMeshActor Name:StaticMeshActor_UAID_04D4C44937400F1802_1483851500 Label:SM_bridge_01 SpatiallyLoaded:1 Bounds:IsValid=true, Min=(X=1359.386 Y=-33.884 Z=-404.960), Max=(X=1960.841 Y=453.844 Z=302.286) RuntimeGrid:None EditorOnly:0 RuntimeOnly:0 HLODRelevant:1 ListedInSceneOutliner:1 IsMainWorldOnly:0 FolderPath:Bridges FolderGuid:A1A254884C9D3327A2A9CFBD9E43C682
 |   |   |- [+] [ 21]
 |   |   |   |- Guid:87B7C33C40EA84DF03002F954DAE1DDB BaseClass: NativeClass:/Script/Engine.StaticMeshActor Name:StaticMeshActor_UAID_04D4C44937400B1802_2019144783 Label:SM_wall_5 SpatiallyLoaded:1 Bounds:IsValid=true, Min=(X=2310.000 Y=7560.000 Z=-20.000), Max=(X=2710.000 Y=7580.000 Z=380.000) RuntimeGrid:None EditorOnly:0 RuntimeOnly:0 HLODRelevant:1 ListedInSceneOutliner:1 IsMainWorldOnly:0
 |   |   |- [+] [ 22]
 |   |   |   |- Guid:88A6EEF7471622818A2950AB9B7009A8 BaseClass: NativeClass:/Script/Landscape.LandscapeStreamingProxy Name:LandscapeStreamingProxy_4RQK8E755B73UJYNKF3UDTHZ2_126_1_1_0 Label:LandscapeStreamingProxy_1_1_0 SpatiallyLoaded:1 Bounds:IsValid=true, Min=(X=-12600.000 Y=-12600.000 Z=-453.438), Max=(X=0.000 Y=0.000 Z=4600.469) RuntimeGrid:None EditorOnly:0 RuntimeOnly:0 HLODRelevant:1 ListedInSceneOutliner:1 IsMainWorldOnly:0
 |   |   |- [+] [ 23]
 |   |   |   |- Guid:925CB6C54F65CE30BE09BE9C5A5E37DA BaseClass: NativeClass:/Script/Engine.StaticMeshActor Name:StaticMeshActor_UAID_04D4C44937400B1802_1965162781 Label:SM_wall_4 SpatiallyLoaded:1 Bounds:IsValid=true, Min=(X=2700.000 Y=7560.000 Z=-20.000), Max=(X=3100.000 Y=7580.000 Z=380.000) RuntimeGrid:None EditorOnly:0 RuntimeOnly:0 HLODRelevant:1 ListedInSceneOutliner:1 IsMainWorldOnly:0
 |   |   |- [+] [ 24]
 |   |   |   |- Guid:97DD0DBC4A557F8D28DE9EB863B29416 BaseClass: NativeClass:/Script/Engine.StaticMeshActor Name:StaticMeshActor_UAID_04D4C44937400D1802_1748560146 Label:SM_wall_window_01 SpatiallyLoaded:1 Bounds:IsValid=true, Min=(X=430.000 Y=7517.743 Z=20.000), Max=(X=830.000 Y=7562.257 Z=420.000) RuntimeGrid:None EditorOnly:0 RuntimeOnly:0 HLODRelevant:1 ListedInSceneOutliner:1 IsMainWorldOnly:0
 |   |   |- [+] [ 25]
 |   |   |   |- Guid:992848894EA6B797B1E75191CDACC812 BaseClass: NativeClass:/Script/Engine.StaticMeshActor Name:StaticMeshActor_UAID_04D4C4493740101802_1625635689 Label:SM_bridge_8 SpatiallyLoaded:1 Bounds:IsValid=true, Min=(X=4764.789 Y=-4493.636 Z=-450.066), Max=(X=5252.517 Y=-3892.181 Z=257.179) RuntimeGrid:None EditorOnly:0 RuntimeOnly:0 HLODRelevant:1 ListedInSceneOutliner:1 IsMainWorldOnly:0 FolderPath:Bridges FolderGuid:A1A254884C9D3327A2A9CFBD9E43C682
 |   |   |- [+] [ 26]
 |   |   |   |- Guid:A628C06B42E2FAB92FC97EBDC7057ADB BaseClass: NativeClass:/Script/Landscape.LandscapeStreamingProxy Name:LandscapeStreamingProxy_4RQK8E755B73UJYNKF3UDTHZ2_126_2_0_0 Label:LandscapeStreamingProxy_2_0_0 SpatiallyLoaded:1 Bounds:IsValid=true, Min=(X=0.000 Y=-25200.000 Z=20.000), Max=(X=12600.000 Y=-12600.000 Z=1349.688) RuntimeGrid:None EditorOnly:0 RuntimeOnly:0 HLODRelevant:1 ListedInSceneOutliner:1 IsMainWorldOnly:0
 |   |   |- [+] [ 27]
 |   |   |   |- Guid:B7037DB645C343AA0FE3878A0C230A14 BaseClass: NativeClass:/Script/Engine.StaticMeshActor Name:StaticMeshActor_UAID_04D4C44937400D1802_1685669143 Label:SM_wall_8 SpatiallyLoaded:1 Bounds:IsValid=true, Min=(X=830.000 Y=7530.000 Z=-20.000), Max=(X=1230.000 Y=7550.000 Z=380.000) RuntimeGrid:None EditorOnly:0 RuntimeOnly:0 HLODRelevant:1 ListedInSceneOutliner:1 IsMainWorldOnly:0
 |   |   |- [+] [ 28]
 |   |   |   |- Guid:B785ED2844B84CFB91E7F39FE661CD99 BaseClass: NativeClass:/Script/Engine.DirectionalLight Name:DirectionalLight_0 Label:DirectionalLight SpatiallyLoaded:0 Bounds:IsValid=true, Min=(X=-1048576.000 Y=-1048576.000 Z=-1048576.000), Max=(X=1048576.000 Y=1048576.000 Z=1048576.000) RuntimeGrid:None EditorOnly:0 RuntimeOnly:0 HLODRelevant:0 ListedInSceneOutliner:1 IsMainWorldOnly:0 FolderPath:Lighting FolderGuid:963EC3EB4002CCE9759E2EBA541A873A
 |   |   |- [+] [ 29]
 |   |   |   |- Guid:B859BEB84FC4053CFAB83383523C6D0C BaseClass: NativeClass:/Script/Engine.StaticMeshActor Name:StaticMeshActor_UAID_04D4C44937400B1802_2031531784 Label:SM_wall_6 SpatiallyLoaded:1 Bounds:IsValid=true, Min=(X=2050.000 Y=7560.000 Z=-20.000), Max=(X=2450.000 Y=7580.000 Z=380.000) RuntimeGrid:None EditorOnly:0 RuntimeOnly:0 HLODRelevant:1 ListedInSceneOutliner:1 IsMainWorldOnly:0
 |   |   |- [+] [ 30]
 |   |   |   |- Guid:B88924F44C613EAC6CC7D7913C25F5E3 BaseClass: NativeClass:/Script/Landscape.LandscapeStreamingProxy Name:LandscapeStreamingProxy_4RQK8E755B73UJYNKF3UDTHZ2_126_3_2_0 Label:LandscapeStreamingProxy_3_2_0 SpatiallyLoaded:1 Bounds:IsValid=true, Min=(X=12600.000 Y=0.000 Z=-80.000), Max=(X=25200.000 Y=12600.000 Z=3816.094) RuntimeGrid:None EditorOnly:0 RuntimeOnly:0 HLODRelevant:1 ListedInSceneOutliner:1 IsMainWorldOnly:0
 |   |   |- [+] [ 31]
 |   |   |   |- Guid:B8E2BB754DCC2B62553B20A1D072ABE0 BaseClass: NativeClass:/Script/Landscape.LandscapeStreamingProxy Name:LandscapeStreamingProxy_4RQK8E755B73UJYNKF3UDTHZ2_126_1_2_0 Label:LandscapeStreamingProxy_1_2_0 SpatiallyLoaded:1 Bounds:IsValid=true, Min=(X=-12600.000 Y=0.000 Z=-395.625), Max=(X=0.000 Y=12600.000 Z=4765.312) RuntimeGrid:None EditorOnly:0 RuntimeOnly:0 HLODRelevant:1 ListedInSceneOutliner:1 IsMainWorldOnly:0
 |   |   |- [+] [ 32]
 |   |   |   |- Guid:C173891F407EAEC349A339ADE1E6EC5F BaseClass: NativeClass:/Script/Engine.StaticMeshActor Name:StaticMeshActor_UAID_04D4C44937400D1802_1698667144 Label:SM_wall_9 SpatiallyLoaded:1 Bounds:IsValid=true, Min=(X=-1200.000 Y=7530.000 Z=-20.000), Max=(X=-800.000 Y=7550.000 Z=380.000) RuntimeGrid:None EditorOnly:0 RuntimeOnly:0 HLODRelevant:1 ListedInSceneOutliner:1 IsMainWorldOnly:0
 |   |   |- [+] [ 33]
 |   |   |   |- Guid:C1D77588470E8AFDE4811884F442A4CF BaseClass: NativeClass:/Script/Engine.StaticMeshActor Name:StaticMeshActor_UAID_04D4C4493740101802_1625638691 Label:SM_stairs_8 SpatiallyLoaded:1 Bounds:IsValid=true, Min=(X=4545.348 Y=-4494.498 Z=-5.106), Max=(X=4874.331 Y=-4035.731 Z=159.894) RuntimeGrid:None EditorOnly:0 RuntimeOnly:0 HLODRelevant:1 ListedInSceneOutliner:1 IsMainWorldOnly:0 FolderPath:Bridges FolderGuid:A1A254884C9D3327A2A9CFBD9E43C682
 |   |   |- [+] [ 34]
 |   |   |   |- Guid:C5EDB35B401026BD69C79B84650ACFCB BaseClass: NativeClass:/Script/Engine.StaticMeshActor Name:StaticMeshActor_UAID_04D4C44937400B1802_2000827782 Label:SM_tower_6 SpatiallyLoaded:1 Bounds:IsValid=true, Min=(X=1315.696 Y=6898.176 Z=-0.238), Max=(X=2401.941 Y=7982.450 Z=2354.551) RuntimeGrid:None EditorOnly:0 RuntimeOnly:0 HLODRelevant:1 ListedInSceneOutliner:1 IsMainWorldOnly:0
 |   |   |- [+] [ 35]
 |   |   |   |- Guid:CCFF262C46EEFFDF319E7F9539CE697E BaseClass: NativeClass:/Script/Engine.SkyAtmosphere Name:SkyAtmosphere_0 Label:SkyAtmosphere SpatiallyLoaded:0 Bounds:IsValid=true, Min=(X=0.000 Y=0.000 Z=1020.000), Max=(X=0.000 Y=0.000 Z=1020.000) RuntimeGrid:None EditorOnly:0 RuntimeOnly:0 HLODRelevant:0 ListedInSceneOutliner:1 IsMainWorldOnly:0 FolderPath:Lighting FolderGuid:963EC3EB4002CCE9759E2EBA541A873A
 |   |   |- [+] [ 36]
 |   |   |   |- Guid:CED9CCFB44BCDCCBE65B7590CA55741F BaseClass: NativeClass:/Script/Engine.StaticMeshActor Name:StaticMeshActor_UAID_04D4C44937400D1802_1703264145 Label:SM_wall_10 SpatiallyLoaded:1 Bounds:IsValid=true, Min=(X=-1600.000 Y=7530.000 Z=-20.000), Max=(X=-1200.000 Y=7550.000 Z=380.000) RuntimeGrid:None EditorOnly:0 RuntimeOnly:0 HLODRelevant:1 ListedInSceneOutliner:1 IsMainWorldOnly:0
 |   |   |- [+] [ 37]
 |   |   |   |- Guid:CEF728164314213855FD429F62431C06 BaseClass: NativeClass:/Script/Landscape.LandscapeStreamingProxy Name:LandscapeStreamingProxy_4RQK8E755B73UJYNKF3UDTHZ2_126_2_1_0 Label:LandscapeStreamingProxy_2_1_0 SpatiallyLoaded:1 Bounds:IsValid=true, Min=(X=0.000 Y=-12600.000 Z=-383.125), Max=(X=12600.000 Y=0.000 Z=4397.344) RuntimeGrid:None EditorOnly:0 RuntimeOnly:0 HLODRelevant:1 ListedInSceneOutliner:1 IsMainWorldOnly:0
 |   |   |- [+] [ 38]
 |   |   |   |- Guid:D2FAD3124C2493636FEB05BB25B16CED BaseClass: NativeClass:/Script/Engine.StaticMeshActor Name:StaticMeshActor_UAID_04D4C44937400B1802_1962589780 Label:SM_wall_3 SpatiallyLoaded:1 Bounds:IsValid=true, Min=(X=3100.000 Y=7560.000 Z=-20.000), Max=(X=3500.000 Y=7580.000 Z=380.000) RuntimeGrid:None EditorOnly:0 RuntimeOnly:0 HLODRelevant:1 ListedInSceneOutliner:1 IsMainWorldOnly:0
 |   |   |- [+] [ 39]
 |   |   |   |- Guid:D577BCEA4C0F80D456A2FAA6B1A748AF BaseClass: NativeClass:/Script/Landscape.LandscapeStreamingProxy Name:LandscapeStreamingProxy_4RQK8E755B73UJYNKF3UDTHZ2_126_2_2_0 Label:LandscapeStreamingProxy_2_2_0 SpatiallyLoaded:1 Bounds:IsValid=true, Min=(X=0.000 Y=0.000 Z=-196.406), Max=(X=12600.000 Y=12600.000 Z=3973.125) RuntimeGrid:None EditorOnly:0 RuntimeOnly:0 HLODRelevant:1 ListedInSceneOutliner:1 IsMainWorldOnly:0
 |   |   |- [+] [ 40]
 |   |   |   |- Guid:EB6DC567415AAC162BB3128798BC6D2E BaseClass: NativeClass:/Script/Engine.StaticMeshActor Name:StaticMeshActor_UAID_04D4C44937400C1802_2115368965 Label:SM_tower_7 SpatiallyLoaded:1 Bounds:IsValid=true, Min=(X=-2264.304 Y=7128.176 Z=49.762), Max=(X=-1178.059 Y=8212.450 Z=2404.551) RuntimeGrid:None EditorOnly:0 RuntimeOnly:0 HLODRelevant:1 ListedInSceneOutliner:1 IsMainWorldOnly:0
 |   |   |- [+] [ 41]
 |   |   |   |- Guid:EC4E0C944CE6AC6E784BC6BB2916EA13 BaseClass: NativeClass:/Script/Engine.StaticMeshActor Name:StaticMeshActor_UAID_A4AE111137DC5EFB00_1110535423 Label:SM_SkySphere SpatiallyLoaded:0 Bounds:IsValid=true, Min=(X=-1638400.000 Y=-1638400.000 Z=-1638400.000), Max=(X=1638400.000 Y=1638400.000 Z=1638400.000) RuntimeGrid:None EditorOnly:0 RuntimeOnly:0 HLODRelevant:1 ListedInSceneOutliner:1 IsMainWorldOnly:0 FolderPath:Lighting FolderGuid:963EC3EB4002CCE9759E2EBA541A873A
 |   |   |- [+] [ 42]
 |   |   |   |- Guid:EDC7CA914BC033C45B5483A7FF8D7DDE BaseClass: NativeClass:/Script/Engine.StaticMeshActor Name:StaticMeshActor_UAID_04D4C44937400B1802_1958468779 Label:SM_wall_2 SpatiallyLoaded:1 Bounds:IsValid=true, Min=(X=3500.000 Y=7560.000 Z=-20.000), Max=(X=3900.000 Y=7580.000 Z=380.000) RuntimeGrid:None EditorOnly:0 RuntimeOnly:0 HLODRelevant:1 ListedInSceneOutliner:1 IsMainWorldOnly:0
 |   |   |- [+] [ 43]
 |   |   |   |- Guid:F1924B8D48954B30891B2DB6A694F9CC BaseClass: NativeClass:/Script/Engine.StaticMeshActor Name:StaticMeshActor_1 Label:SM_Cube SpatiallyLoaded:1 Bounds:IsValid=true, Min=(X=0.000 Y=0.000 Z=-50.000), Max=(X=3000.000 Y=3500.000 Z=0.000) RuntimeGrid:None EditorOnly:0 RuntimeOnly:0 HLODRelevant:1 ListedInSceneOutliner:1 IsMainWorldOnly:0 FolderPath:Playground FolderGuid:C73F09FC4215536B1DCE2A9E0A830C70
 |   |   |- [+] [ 44]
 |   |   |   |- Guid:F5E3FEB3450C49844FD93DA8E083C8AD BaseClass: NativeClass:/Script/Engine.PostProcessVolume Name:PostProcessVolume_0 Label:PostProcessVolume SpatiallyLoaded:0 Bounds:IsValid=true, Min=(X=0.000 Y=0.000 Z=400.000), Max=(X=200.000 Y=200.000 Z=600.000) RuntimeGrid:None EditorOnly:0 RuntimeOnly:0 HLODRelevant:0 ListedInSceneOutliner:1 IsMainWorldOnly:0 FolderPath:Lighting FolderGuid:963EC3EB4002CCE9759E2EBA541A873A
 |   |   |- [+] [ 45]
 |   |   |   |- Guid:FCE051514E9A5ABC2A7B65AB8E0D2358 BaseClass: NativeClass:/Script/Engine.StaticMeshActor Name:StaticMeshActor_UAID_04D4C44937400F1802_1501581502 Label:SM_bridge_2 SpatiallyLoaded:1 Bounds:IsValid=true, Min=(X=1299.386 Y=-403.884 Z=-404.960), Max=(X=1900.841 Y=83.844 Z=302.286) RuntimeGrid:None EditorOnly:0 RuntimeOnly:0 HLODRelevant:1 ListedInSceneOutliner:1 IsMainWorldOnly:0 FolderPath:Bridges FolderGuid:A1A254884C9D3327A2A9CFBD9E43C682
 |- ContainerInstances:
 |- [+] MainContainer:
 |   |-        ID: 00000000000000000000000000000000
 |   |-  ParentID: 00000000000000000000000000000000
 |   |-    Bounds: IsValid=false, Min=(X=0.000 Y=0.000 Z=0.000), Max=(X=0.000 Y=0.000 Z=0.000)
 |   |- Transform: 0.000000,0.000000,0.000000|0.000000,0.000000,-0.000000|1.000000,1.000000,1.000000
 |   |- Container: /Game/ThirdPerson/Maps/ThirdPersonMap
----------------------------------------------------------------------------------------------------------------
ThirdPersonMap - Persistent Level
----------------------------------------------------------------------------------------------------------------
[+] Content of ThirdPersonMap Persistent Level
 |- Always loaded Actor Count: 46 
 |- Actor Path: /Game/ThirdPerson/Maps/ThirdPersonMap.ThirdPersonMap:PersistentLevel.DirectionalLight_0
 |- Actor Package: /Game/__ExternalActors__/ThirdPerson/Maps/ThirdPersonMap/5/R1/TS5OQ5CRUWFZYL1ZQ7I416
 |- Actor Path: /Game/ThirdPerson/Maps/ThirdPersonMap.ThirdPersonMap:PersistentLevel.ExponentialHeightFog_0
 |- Actor Package: /Game/__ExternalActors__/ThirdPerson/Maps/ThirdPersonMap/6/J7/N10XDC9G27EMLS5AGZ6AVV
 |- Actor Path: /Game/ThirdPerson/Maps/ThirdPersonMap.ThirdPersonMap:PersistentLevel.Landscape_UAID_04D4C44937400C1802_1285723962
 |- Actor Package: /Game/__ExternalActors__/ThirdPerson/Maps/ThirdPersonMap/1/0A/O7RK0CWZYHP97GPJNWV4ED
 |- Actor Path: /Game/ThirdPerson/Maps/ThirdPersonMap.ThirdPersonMap:PersistentLevel.LandscapeStreamingProxy_4RQK8E755B73UJYNKF3UDTHZ2_126_1_0_0
 |- Actor Package: /Game/__ExternalActors__/ThirdPerson/Maps/ThirdPersonMap/7/63/8VUEMV51NPKSP59PNC49HD
 |- Actor Path: /Game/ThirdPerson/Maps/ThirdPersonMap.ThirdPersonMap:PersistentLevel.LandscapeStreamingProxy_4RQK8E755B73UJYNKF3UDTHZ2_126_1_1_0
 |- Actor Package: /Game/__ExternalActors__/ThirdPerson/Maps/ThirdPersonMap/7/QK/A5ESAB6QFXZFMXL8TSUJ2O
 |- Actor Path: /Game/ThirdPerson/Maps/ThirdPersonMap.ThirdPersonMap:PersistentLevel.LandscapeStreamingProxy_4RQK8E755B73UJYNKF3UDTHZ2_126_1_2_0
 |- Actor Package: /Game/__ExternalActors__/ThirdPerson/Maps/ThirdPersonMap/E/A5/72AE6CVB6P2SNHNX5DNWB8
 |- Actor Path: /Game/ThirdPerson/Maps/ThirdPersonMap.ThirdPersonMap:PersistentLevel.LandscapeStreamingProxy_4RQK8E755B73UJYNKF3UDTHZ2_126_2_0_0
 |- Actor Package: /Game/__ExternalActors__/ThirdPerson/Maps/ThirdPersonMap/D/1R/Y7607WJZICK9PM0BI1FTBR
 |- Actor Path: /Game/ThirdPerson/Maps/ThirdPersonMap.ThirdPersonMap:PersistentLevel.LandscapeStreamingProxy_4RQK8E755B73UJYNKF3UDTHZ2_126_2_1_0
 |- Actor Package: /Game/__ExternalActors__/ThirdPerson/Maps/ThirdPersonMap/2/YV/1PQIJL9QCVHYB5PBXTTHV8
 |- Actor Path: /Game/ThirdPerson/Maps/ThirdPersonMap.ThirdPersonMap:PersistentLevel.LandscapeStreamingProxy_4RQK8E755B73UJYNKF3UDTHZ2_126_2_2_0
 |- Actor Package: /Game/__ExternalActors__/ThirdPerson/Maps/ThirdPersonMap/0/1B/HEYMTIC07QVF1DIJ6EIRN3
 |- Actor Path: /Game/ThirdPerson/Maps/ThirdPersonMap.ThirdPersonMap:PersistentLevel.LandscapeStreamingProxy_4RQK8E755B73UJYNKF3UDTHZ2_126_3_1_0
 |- Actor Package: /Game/__ExternalActors__/ThirdPerson/Maps/ThirdPersonMap/0/G1/QXRXPO38EDVI6KDWWKGGFV
 |- Actor Path: /Game/ThirdPerson/Maps/ThirdPersonMap.ThirdPersonMap:PersistentLevel.LandscapeStreamingProxy_4RQK8E755B73UJYNKF3UDTHZ2_126_3_2_0
 |- Actor Package: /Game/__ExternalActors__/ThirdPerson/Maps/ThirdPersonMap/8/1Q/MB1L3IQQXYKJX6DMJQ7ZBG
 |- Actor Path: /Game/ThirdPerson/Maps/ThirdPersonMap.ThirdPersonMap:PersistentLevel.PlayerStart_0
 |- Actor Package: /Game/__ExternalActors__/ThirdPerson/Maps/ThirdPersonMap/D/DE/SWSI13675DVYIZ0N4NF7Y3
 |- Actor Path: /Game/ThirdPerson/Maps/ThirdPersonMap.ThirdPersonMap:PersistentLevel.PostProcessVolume_0
 |- Actor Package: /Game/__ExternalActors__/ThirdPerson/Maps/ThirdPersonMap/1/AZ/A7GPT109Y6ZTTJD4A7TXER
 |- Actor Path: /Game/ThirdPerson/Maps/ThirdPersonMap.ThirdPersonMap:PersistentLevel.SkyAtmosphere_0
 |- Actor Package: /Game/__ExternalActors__/ThirdPerson/Maps/ThirdPersonMap/4/LN/30UBDLYFFA5ZR7U4W4L4GG
 |- Actor Path: /Game/ThirdPerson/Maps/ThirdPersonMap.ThirdPersonMap:PersistentLevel.SkyLight_1
 |- Actor Package: /Game/__ExternalActors__/ThirdPerson/Maps/ThirdPersonMap/8/S1/DXUWD12MD3HRWVVXX076BY
 |- Actor Path: /Game/ThirdPerson/Maps/ThirdPersonMap.ThirdPersonMap:PersistentLevel.StaticMeshActor_1
 |- Actor Package: /Game/__ExternalActors__/ThirdPerson/Maps/ThirdPersonMap/6/YO/NG2R9BPZVA7ZDN0Z4VSTG6
 |- Actor Path: /Game/ThirdPerson/Maps/ThirdPersonMap.ThirdPersonMap:PersistentLevel.StaticMeshActor_UAID_04D4C44937400B1802_1890607777
 |- Actor Package: /Game/__ExternalActors__/ThirdPerson/Maps/ThirdPersonMap/D/T7/AMU2W9H1VYWTJLCT1LV3JO
 |- Actor Path: /Game/ThirdPerson/Maps/ThirdPersonMap.ThirdPersonMap:PersistentLevel.StaticMeshActor_UAID_04D4C44937400B1802_1954833778
 |- Actor Package: /Game/__ExternalActors__/ThirdPerson/Maps/ThirdPersonMap/5/YN/XL4XM0JC1S9IQRYWW8XL1U
 |- Actor Path: /Game/ThirdPerson/Maps/ThirdPersonMap.ThirdPersonMap:PersistentLevel.StaticMeshActor_UAID_04D4C44937400B1802_1958468779
 |- Actor Package: /Game/__ExternalActors__/ThirdPerson/Maps/ThirdPersonMap/3/2H/F5PWYKY4O2QGNVIKFL996B
 |- Actor Path: /Game/ThirdPerson/Maps/ThirdPersonMap.ThirdPersonMap:PersistentLevel.StaticMeshActor_UAID_04D4C44937400B1802_1962589780
 |- Actor Package: /Game/__ExternalActors__/ThirdPerson/Maps/ThirdPersonMap/3/F5/BNZ6IFZ186ROC1LOAL2Q9V
 |- Actor Path: /Game/ThirdPerson/Maps/ThirdPersonMap.ThirdPersonMap:PersistentLevel.StaticMeshActor_UAID_04D4C44937400B1802_1965162781
 |- Actor Package: /Game/__ExternalActors__/ThirdPerson/Maps/ThirdPersonMap/0/N9/PP50T4T0N9JQJIQY608033
 |- Actor Path: /Game/ThirdPerson/Maps/ThirdPersonMap.ThirdPersonMap:PersistentLevel.StaticMeshActor_UAID_04D4C44937400B1802_2000827782
 |- Actor Package: /Game/__ExternalActors__/ThirdPerson/Maps/ThirdPersonMap/7/9O/VTHNFPCQ2DGIK0KOP8OUVF
 |- Actor Path: /Game/ThirdPerson/Maps/ThirdPersonMap.ThirdPersonMap:PersistentLevel.StaticMeshActor_UAID_04D4C44937400B1802_2019144783
 |- Actor Package: /Game/__ExternalActors__/ThirdPerson/Maps/ThirdPersonMap/5/60/2I3R5EHXQOOW42DOLT4Y52
 |- Actor Path: /Game/ThirdPerson/Maps/ThirdPersonMap.ThirdPersonMap:PersistentLevel.StaticMeshActor_UAID_04D4C44937400B1802_2031531784
 |- Actor Package: /Game/__ExternalActors__/ThirdPerson/Maps/ThirdPersonMap/5/KM/IAABTH9BW4LYQIVOK0QKKH
 |- Actor Path: /Game/ThirdPerson/Maps/ThirdPersonMap.ThirdPersonMap:PersistentLevel.StaticMeshActor_UAID_04D4C44937400C1802_2115368965
 |- Actor Package: /Game/__ExternalActors__/ThirdPerson/Maps/ThirdPersonMap/7/ZT/SKOJ5QKMXOZM9YVBZOEF14
 |- Actor Path: /Game/ThirdPerson/Maps/ThirdPersonMap.ThirdPersonMap:PersistentLevel.StaticMeshActor_UAID_04D4C44937400D1802_1675497142
 |- Actor Package: /Game/__ExternalActors__/ThirdPerson/Maps/ThirdPersonMap/6/9B/7TY1IRSJX1R5CHDC6ZP1MF
 |- Actor Path: /Game/ThirdPerson/Maps/ThirdPersonMap.ThirdPersonMap:PersistentLevel.StaticMeshActor_UAID_04D4C44937400D1802_1685669143
 |- Actor Package: /Game/__ExternalActors__/ThirdPerson/Maps/ThirdPersonMap/1/WE/7R3TKQDCJ7SAZBOHOC9XH8
 |- Actor Path: /Game/ThirdPerson/Maps/ThirdPersonMap.ThirdPersonMap:PersistentLevel.StaticMeshActor_UAID_04D4C44937400D1802_1698667144
 |- Actor Package: /Game/__ExternalActors__/ThirdPerson/Maps/ThirdPersonMap/7/UL/QBPS83BR0TZCFGSPUCU2HA
 |- Actor Path: /Game/ThirdPerson/Maps/ThirdPersonMap.ThirdPersonMap:PersistentLevel.StaticMeshActor_UAID_04D4C44937400D1802_1703264145
 |- Actor Package: /Game/__ExternalActors__/ThirdPerson/Maps/ThirdPersonMap/8/JE/0P7B6P2URUSO7ETRF2V5ZP
 |- Actor Path: /Game/ThirdPerson/Maps/ThirdPersonMap.ThirdPersonMap:PersistentLevel.StaticMeshActor_UAID_04D4C44937400D1802_1748560146
 |- Actor Package: /Game/__ExternalActors__/ThirdPerson/Maps/ThirdPersonMap/2/6J/5YUMBPXF08CJ5VPV13KQOY
 |- Actor Path: /Game/ThirdPerson/Maps/ThirdPersonMap.ThirdPersonMap:PersistentLevel.StaticMeshActor_UAID_04D4C44937400F1802_1415176499
 |- Actor Package: /Game/__ExternalActors__/ThirdPerson/Maps/ThirdPersonMap/5/H0/EXAEW47TQUXTV9GQ43PPHI
 |- Actor Path: /Game/ThirdPerson/Maps/ThirdPersonMap.ThirdPersonMap:PersistentLevel.StaticMeshActor_UAID_04D4C44937400F1802_1483851500
 |- Actor Package: /Game/__ExternalActors__/ThirdPerson/Maps/ThirdPersonMap/0/II/2KRDVJO4WOPVLASCCN9DMI
 |- Actor Path: /Game/ThirdPerson/Maps/ThirdPersonMap.ThirdPersonMap:PersistentLevel.StaticMeshActor_UAID_04D4C44937400F1802_1501581502
 |- Actor Package: /Game/__ExternalActors__/ThirdPerson/Maps/ThirdPersonMap/D/4M/46C8N9DZX7CACA2O0IWYVN
 |- Actor Path: /Game/ThirdPerson/Maps/ThirdPersonMap.ThirdPersonMap:PersistentLevel.StaticMeshActor_UAID_04D4C44937400F1802_1523005503
 |- Actor Package: /Game/__ExternalActors__/ThirdPerson/Maps/ThirdPersonMap/B/O0/1V5EBWNMZ4QDHUYC49OSSL
 |- Actor Path: /Game/ThirdPerson/Maps/ThirdPersonMap.ThirdPersonMap:PersistentLevel.StaticMeshActor_UAID_04D4C44937400F1802_1542077504
 |- Actor Package: /Game/__ExternalActors__/ThirdPerson/Maps/ThirdPersonMap/0/HT/X0SM9X8SFUVQ4H4X8RM0QA
 |- Actor Path: /Game/ThirdPerson/Maps/ThirdPersonMap.ThirdPersonMap:PersistentLevel.StaticMeshActor_UAID_04D4C44937400F1802_1568611505
 |- Actor Package: /Game/__ExternalActors__/ThirdPerson/Maps/ThirdPersonMap/8/JP/PY61TCWO3E9CAL6270CL03
 |- Actor Path: /Game/ThirdPerson/Maps/ThirdPersonMap.ThirdPersonMap:PersistentLevel.StaticMeshActor_UAID_04D4C44937400F1802_1619541507
 |- Actor Package: /Game/__ExternalActors__/ThirdPerson/Maps/ThirdPersonMap/6/IN/TOJ0F8LRJOBC1DP3VSNL20
 |- Actor Path: /Game/ThirdPerson/Maps/ThirdPersonMap.ThirdPersonMap:PersistentLevel.StaticMeshActor_UAID_04D4C4493740101802_1625630685
 |- Actor Package: /Game/__ExternalActors__/ThirdPerson/Maps/ThirdPersonMap/8/MS/7Q6D6MYITOEQCKXKN2BFEU
 |- Actor Path: /Game/ThirdPerson/Maps/ThirdPersonMap.ThirdPersonMap:PersistentLevel.StaticMeshActor_UAID_04D4C4493740101802_1625634687
 |- Actor Package: /Game/__ExternalActors__/ThirdPerson/Maps/ThirdPersonMap/0/00/JXUB7GI0VCP6ZN3DQ8UWZA
 |- Actor Path: /Game/ThirdPerson/Maps/ThirdPersonMap.ThirdPersonMap:PersistentLevel.StaticMeshActor_UAID_04D4C4493740101802_1625635688
 |- Actor Package: /Game/__ExternalActors__/ThirdPerson/Maps/ThirdPersonMap/9/W5/1POQIC12T2CDXO2A9CVRPQ
 |- Actor Path: /Game/ThirdPerson/Maps/ThirdPersonMap.ThirdPersonMap:PersistentLevel.StaticMeshActor_UAID_04D4C4493740101802_1625635689
 |- Actor Package: /Game/__ExternalActors__/ThirdPerson/Maps/ThirdPersonMap/D/ND/PBDVFT1YXT6XA4PWXJQG8B
 |- Actor Path: /Game/ThirdPerson/Maps/ThirdPersonMap.ThirdPersonMap:PersistentLevel.StaticMeshActor_UAID_04D4C4493740101802_1625637690
 |- Actor Package: /Game/__ExternalActors__/ThirdPerson/Maps/ThirdPersonMap/1/QY/07WJQNARDTTMDJR65MYKQ5
 |- Actor Path: /Game/ThirdPerson/Maps/ThirdPersonMap.ThirdPersonMap:PersistentLevel.StaticMeshActor_UAID_04D4C4493740101802_1625638691
 |- Actor Package: /Game/__ExternalActors__/ThirdPerson/Maps/ThirdPersonMap/9/1U/MEHNZ4IFXMCFZTYEBABSNO
 |- Actor Path: /Game/ThirdPerson/Maps/ThirdPersonMap.ThirdPersonMap:PersistentLevel.StaticMeshActor_UAID_A4AE111137DC5EFB00_1110535423
 |- Actor Package: /Game/__ExternalActors__/ThirdPerson/Maps/ThirdPersonMap/4/PN/2QISIGK5DJNQ05US8O8FXW
 |- Actor Path: /Game/ThirdPerson/Maps/ThirdPersonMap.ThirdPersonMap:PersistentLevel.VolumetricCloud_0
 |- Actor Package: /Game/__ExternalActors__/ThirdPerson/Maps/ThirdPersonMap/3/EY/87SHEJN5UBEAN2K5OV1G6R
 |- Actor Path: /Game/ThirdPerson/Maps/ThirdPersonMap.ThirdPersonMap:PersistentLevel.WorldDataLayers
 |- Actor Package: /Game/__ExternalActors__/ThirdPerson/Maps/ThirdPersonMap/0/43/HYQWORMY4JDQ5X3OKZXFLC

----------------------------------------------------------------------------------------------------------------
ThirdPersonMap - Runtime Spatial Hash
----------------------------------------------------------------------------------------------------------------
[+] StreamingGrids
 |- [+] MainGrid
 |   |-             Origin: X=0.000 Y=0.000 Z=0.000
 |   |-          Cell Size: 12800
 |   |-       World Bounds: IsValid=false, Min=(X=0.000 Y=0.000 Z=0.000), Max=(X=0.000 Y=0.000 Z=0.000)
 |   |-      Loading Range: 25600.00
 |   |- Block Slow Loading: No
 |   |-  ClientOnlyVisible: No
 |   |- 
 |   |- [+] Grid Levels: 1
 |   |   |- Level  0: Cell Count    0 | Cell Size   12800 | Actor Count    0 (0.0%)
 |   |- 
 |   |- [+] Content of Grid Level 0
 |   |- 
